

=== Testing Scenario: Original (Reproduction) ===
Approved: true
Reason: The mapping is accurate as it correctly reflects the reduced fat mozzarella cheese specified in the query.
Category: correct
Confidence: 0.73


=== Testing Scenario: Clean Search Query (No measurement) ===
Approved: true
Reason: The mapping is accurate as it correctly reflects the reduced fat qualifier and matches the nutrition values for reduced fat mozzarella cheese.
Category: correct
Confidence: 0.73


=== Testing Scenario: Lower Fat (10g) ===
Approved: true
Reason: The mapping is accurate as it correctly reflects the reduced fat mozzarella cheese specified in the query.
Category: correct
Confidence: 0.73


=== Testing Scenario: Exact Name Match (lowercase) ===
Approved: true
Reason: The mapping is accurate as it retains the reduced fat qualifier and matches the ingredient type.
Category: correct
Confidence: 0.73
