{"rawLine":"0.5 cup almond flour","foodName":"All Purpose Flour","ourConfidence":0.5489285714285714,"approved":false,"aiConfidence":0.9,"reason":"Almond flour and all-purpose flour have significantly different nutritional profiles, leading to a nutrition mismatch.","category":"type_mismatch","status":"rejected"}
{"rawLine":"4 oz cream cheese","foodName":"Cream Cheese","ourConfidence":1,"approved":false,"aiConfidence":1,"reason":"The mapping does not account for the specific measurement of 4 oz, which affects the nutritional calculations.","category":"search_query_issue","status":"rejected"}
{"rawLine":"4  eggs","foodName":"Egg (Whole)","ourConfidence":0.76403,"approved":false,"aiConfidence":0.76,"reason":"The mapping does not account for the preparation state of the eggs, which affects the nutritional values significantly.","category":"preparation_mismatch","status":"rejected"}
{"rawLine":"2  tbsps salted butter","foodName":"Butter","ourConfidence":0.8500000000000001,"approved":false,"aiConfidence":0.85,"reason":"The mapping to 'Butter' does not account for the salted qualifier, which affects the nutritional profile, and the search query includes a measurement.","category":"search_query_issue","status":"rejected"}
{"rawLine":"1 tsp lemon zest","foodName":"Lemon Peel","ourConfidence":0.8,"approved":false,"aiConfidence":0.85,"reason":"The mapping to 'Lemon Peel' does not accurately reflect the nutritional profile of 'lemon zest', leading to potential nutrition mismatches.","category":"type_mismatch","status":"rejected"}
{"rawLine":"1  packet monk fruit sweetener","foodName":"Yeast Extract Spread","ourConfidence":0.595,"approved":false,"aiConfidence":0.7,"reason":"The mapping is incorrect as 'monk fruit sweetener' is not related to 'Yeast Extract Spread', leading to a significant nutrition mismatch.","category":"type_mismatch","status":"rejected"}
{"rawLine":"2  tbsps chia seeds","foodName":"Chia Seeds","ourConfidence":0.5775,"approved":false,"aiConfidence":0.7,"reason":"The mapping is incorrect due to the inclusion of a measurement in the search query, which affects the accuracy of the nutritional calculations.","category":"search_query_issue","status":"rejected"}
{"rawLine":"1 cup unsweetened coconut milk","foodName":"Milk","ourConfidence":0.6875,"approved":false,"aiConfidence":0.69,"reason":"The mapping to 'Milk' is incorrect as it does not specify the type of milk (coconut) and the nutrition values do not match those of unsweetened coconut milk.","category":"type_mismatch","status":"rejected"}
{"rawLine":"1 tsp vanilla extract","foodName":"Vanilla Extract","ourConfidence":1,"approved":true,"aiConfidence":1,"reason":"The mapping of '1 tsp vanilla extract' to 'Vanilla Extract' is accurate and the nutrition values align with expected values for vanilla extract.","category":"correct","status":"mapped"}
{"rawLine":"0.25 cup raspberries","foodName":"Raspberries","ourConfidence":0.745,"approved":true,"aiConfidence":0.74,"reason":"The mapping is accurate as raspberries are correctly identified and the nutrition values align with the ingredient.","category":"correct","status":"mapped"}
{"rawLine":"2  tsps crushed red pepper flakes","foodName":"Crushed Red Pepper Flakes","ourConfidence":0.7130000000000001,"approved":false,"aiConfidence":0.8,"reason":"The search query includes a measurement which affects the accuracy of the mapping.","category":"search_query_issue","status":"rejected"}
{"rawLine":"3 g garlic powder","foodName":"Garlic Powder","ourConfidence":1,"approved":true,"aiConfidence":1,"reason":"The mapping of '3 g garlic powder' to 'Garlic Powder' is accurate and the nutrition values align correctly with the ingredient.","category":"correct","status":"mapped"}
{"rawLine":"44 g fancy low-moisture part-skim mozzarella cheese","foodName":"Cheese","ourConfidence":0.9500000000000001,"approved":false,"aiConfidence":0.95,"reason":"The mapping does not account for the specific type of mozzarella cheese and its low-moisture, part-skim nature, which affects fat content and overall nutrition.","category":"fat_mismatch","status":"rejected"}
{"rawLine":"6 oz chunk chicken breast","foodName":"Chunk Chicken Breast","ourConfidence":1,"approved":false,"aiConfidence":1,"reason":"The mapping does not account for the specific preparation state of the chicken breast, which affects nutritional values.","category":"preparation_mismatch","status":"rejected"}
{"rawLine":"1  egg","foodName":"Egg","ourConfidence":0.625,"approved":true,"aiConfidence":0.9,"reason":"The mapping of '1 egg' to 'Egg' is accurate as it correctly represents the ingredient without any qualifiers that affect nutrition.","category":"correct","status":"mapped"}
{"rawLine":"1.5  tbsps onion powder","foodName":"Onions","ourConfidence":0.8500000000000001,"approved":false,"aiConfidence":0.85,"reason":"The mapping to 'Onions' is incorrect as onion powder is a specific ingredient with different nutritional values than raw onions.","category":"type_mismatch","status":"rejected"}
{"rawLine":"0.5 cup reduced fat mozzarella cheese","foodName":"Reduced Fat Mozzarella Cheese","ourConfidence":1,"approved":false,"aiConfidence":1,"reason":"The mapping does not account for the specific fat content qualifier 'reduced fat', which is crucial for accurate nutrition calculations.","category":"fat_mismatch","status":"rejected"}
{"rawLine":"2  eggs","foodName":"Egg (Whole)","ourConfidence":0.7643000000000001,"approved":false,"aiConfidence":0.76,"reason":"The mapping does not account for the specific preparation state of the eggs, which affects nutritional values.","category":"search_query_issue","status":"rejected"}
{"rawLine":"1.5 cup riced veggies cauliflower","foodName":"Riced Cauliflower","ourConfidence":0.6833,"approved":false,"aiConfidence":0.7,"reason":"The mapping does not account for the preparation state of the riced cauliflower, which affects the nutritional values.","category":"search_query_issue","status":"rejected"}
{"rawLine":"5  packets sweetener","foodName":"Sweetener (Packet)","ourConfidence":0.5775,"approved":false,"aiConfidence":0.7,"reason":"The mapping to 'Sweetener (Packet)' does not accurately reflect the specific type of sweetener used, which affects nutritional values.","category":"type_mismatch","status":"rejected"}
{"rawLine":"0.5 cup dark chocolate macaroon granola","foodName":"Granola","ourConfidence":0.9,"approved":false,"aiConfidence":0.9,"reason":"The mapping to 'Granola' is too generic and does not account for the specific type of granola, which affects the nutritional values significantly.","category":"type_mismatch","status":"rejected"}
{"rawLine":"0.25 cup light sour cream","foodName":"Light Sour Cream","ourConfidence":1,"approved":true,"aiConfidence":1,"reason":"The mapping accurately reflects the nutritional profile of light sour cream without any discrepancies.","category":"correct","status":"mapped"}
{"rawLine":"2 oz cream cheese","foodName":"Cream Cheese","ourConfidence":1,"approved":false,"aiConfidence":1,"reason":"The mapping does not account for the measurement in the search query, which affects the accuracy of the nutrition calculations.","category":"search_query_issue","status":"rejected"}
{"rawLine":"3  tbsps vegetable oil spread","foodName":"Sunflower Oil","ourConfidence":0.75,"approved":false,"aiConfidence":0.8,"reason":"The mapping to 'Sunflower Oil' does not account for the specific type of vegetable oil spread, which likely has different nutritional values than pure sunflower oil.","category":"type_mismatch","status":"rejected"}
{"rawLine":"1  egg","foodName":"Egg","ourConfidence":0.9,"approved":true,"status":"mapped"}
{"rawLine":"4  keto peanut butter fat bombs","foodName":"Peanut Butter Fat Bomb","ourConfidence":0.7450000000000001,"approved":false,"aiConfidence":0.8,"reason":"The mapping does not account for the specific preparation state of 'fat bombs', which likely alters the nutritional profile compared to generic peanut butter fat bombs.","category":"type_mismatch","status":"rejected"}
{"rawLine":"0.75 cup almonds","foodName":"Almonds","ourConfidence":0.745,"approved":false,"aiConfidence":0.8,"reason":"The mapping does not account for the measurement in the search query, which affects the nutritional calculations.","category":"search_query_issue","status":"rejected"}
{"rawLine":"4  egg","foodName":"Egg","ourConfidence":0.5950000000000001,"approved":false,"aiConfidence":0.6,"reason":"The mapping does not specify the preparation state of the eggs, which affects nutritional values, and the nutrition values provided do not match typical values for whole eggs.","category":"preparation_mismatch","status":"rejected"}
{"rawLine":"1 tsp vanilla extract","foodName":"Vanilla Extract","ourConfidence":1,"approved":true,"status":"mapped"}
{"rawLine":"0.5 cup almond flour","foodName":"All Purpose Flour","ourConfidence":0.5489285714285714,"approved":false,"aiConfidence":0.8,"reason":"Almond flour and all-purpose flour have significantly different nutritional profiles, leading to a nutrition mismatch.","category":"type_mismatch","status":"rejected"}
{"rawLine":"4 oz cream cheese","foodName":"Cream Cheese","ourConfidence":1,"approved":false,"aiConfidence":1,"reason":"The mapping does not account for the specific measurement of 4 oz, which affects the nutritional calculations.","category":"search_query_issue","status":"rejected"}
{"rawLine":"4  eggs","foodName":"Egg (Whole)","ourConfidence":0.76403,"approved":false,"aiConfidence":0.76,"reason":"The mapping to 'Egg (Whole)' is correct, but the nutrition values provided do not match typical values for whole eggs, indicating a nutrition mismatch.","category":"search_scoring_issue","status":"rejected"}
{"rawLine":"2  tbsps salted butter","foodName":"Butter","ourConfidence":0.8500000000000001,"approved":false,"aiConfidence":0.85,"reason":"The mapping to 'Butter' does not account for the salted aspect of the ingredient, which affects the nutritional profile.","category":"type_mismatch","status":"rejected"}
{"rawLine":"1 tsp lemon zest","foodName":"Lemon Peel","ourConfidence":0.8,"approved":false,"aiConfidence":0.85,"reason":"The mapping to 'Lemon Peel' does not accurately reflect the nutritional profile of 'lemon zest', leading to potential nutrition mismatches.","category":"type_mismatch","status":"rejected"}
{"rawLine":"1  packet monk fruit sweetener","foodName":"Yeast Extract Spread","ourConfidence":0.595,"approved":false,"aiConfidence":0.7,"reason":"The mapping is incorrect as 'monk fruit sweetener' is not related to 'Yeast Extract Spread', leading to a significant nutrition mismatch.","category":"type_mismatch","status":"rejected"}
{"rawLine":"2  tbsps chia seeds","foodName":"Chia Seeds","ourConfidence":0.5025000000000001,"approved":false,"aiConfidence":0.5,"reason":"The mapping is inaccurate due to the inclusion of a measurement in the search query, which affects the accuracy of the nutrition calculations.","category":"search_query_issue","status":"rejected"}
{"rawLine":"1 cup unsweetened coconut milk","foodName":"Coconut Milk or Cream (Liquid, Canned)","ourConfidence":0.632857142857143,"approved":false,"aiConfidence":0.7,"reason":"The mapping is incorrect due to a nutrition mismatch, as canned coconut milk typically has higher fat content than unsweetened coconut milk.","category":"fat_mismatch","status":"rejected"}
{"rawLine":"2  tsps crushed red pepper flakes","foodName":"Crushed Red Pepper Flakes","ourConfidence":0.7130000000000001,"approved":false,"aiConfidence":0.8,"reason":"The mapping is incorrect due to the inclusion of a measurement in the search query, which affects the accuracy of the nutrition tracking.","category":"search_query_issue","status":"rejected"}
{"rawLine":"44 g fancy low-moisture part-skim mozzarella cheese","foodName":"Cheese","ourConfidence":0.9500000000000001,"approved":false,"aiConfidence":0.9,"reason":"The mapping does not account for the specific type of mozzarella cheese and its low-moisture, part-skim nature, which affects fat content and overall nutrition.","category":"fat_mismatch","status":"rejected"}
{"rawLine":"6 oz chunk chicken breast","foodName":"Chunk Chicken Breast","ourConfidence":1,"approved":false,"aiConfidence":1,"reason":"The mapping does not account for the specific preparation state of the chicken breast, which affects the nutritional values.","category":"preparation_mismatch","status":"rejected"}
{"rawLine":"1.5  tbsps onion powder","foodName":"Onions","ourConfidence":0.8500000000000001,"approved":false,"aiConfidence":0.85,"reason":"The mapping is incorrect because 'onion powder' is mapped to 'onions', which is a different ingredient type and has different nutritional values.","category":"type_mismatch","status":"rejected"}
{"rawLine":"0.5 cup reduced fat mozzarella cheese","foodName":"Reduced Fat Mozzarella Cheese","ourConfidence":1,"approved":false,"aiConfidence":1,"reason":"The mapping does not account for the specific fat content of 'reduced fat mozzarella cheese' and the nutrition values provided do not match typical values for this type of cheese.","category":"fat_mismatch","status":"rejected"}
{"rawLine":"2  eggs","foodName":"Egg (Whole)","ourConfidence":0.76403,"approved":false,"aiConfidence":0.76,"reason":"The mapping is incorrect because the search query included a measurement, which affects the accuracy of the nutrition calculations.","category":"search_query_issue","status":"rejected"}
{"rawLine":"1.5 cup riced veggies cauliflower","foodName":"Riced Cauliflower","ourConfidence":0.6315328571428572,"approved":false,"aiConfidence":0.7,"reason":"The mapping does not account for the preparation state of the riced cauliflower, which affects the nutritional values.","category":"search_query_issue","status":"rejected"}
{"rawLine":"5  packets sweetener","foodName":"Sweetener (Packet)","ourConfidence":0.5775,"approved":false,"aiConfidence":0.7,"reason":"The mapping to 'Sweetener (Packet)' does not accurately reflect the nutritional content of the specified sweetener packets, which may vary significantly by brand and type.","category":"search_scoring_issue","status":"rejected"}
{"rawLine":"0.5 cup dark chocolate macaroon granola","foodName":"Granola","ourConfidence":0.9,"approved":false,"aiConfidence":0.85,"reason":"The mapping to 'Granola' does not account for the specific type 'dark chocolate macaroon granola', which affects the nutritional profile significantly.","category":"type_mismatch","status":"rejected"}
{"rawLine":"2 oz cream cheese","foodName":"Cream Cheese","ourConfidence":1,"approved":false,"aiConfidence":1,"reason":"The mapping does not account for the measurement in the search query, which affects the accuracy of the nutrition calculations.","category":"search_query_issue","status":"rejected"}
{"rawLine":"3  tbsps vegetable oil spread","foodName":"Sunflower Oil","ourConfidence":0.75,"approved":false,"aiConfidence":0.8,"reason":"The mapping to 'Sunflower Oil' does not accurately reflect the nutritional profile of 'vegetable oil spread', which typically contains more fat and may have other ingredients affecting its nutrition.","category":"fat_mismatch","status":"rejected"}
{"rawLine":"4  keto peanut butter fat bombs","foodName":"Peanut Butter Fat Bomb","ourConfidence":0.7450000000000001,"approved":false,"aiConfidence":0.75,"reason":"The mapping does not account for the specific preparation state of 'fat bombs', which likely affects the nutritional profile.","category":"preparation_mismatch","status":"rejected"}
{"rawLine":"0.75 cup almonds","foodName":"Almond Butter","ourConfidence":0.7125,"approved":false,"aiConfidence":0.8,"reason":"The mapping to 'Almond Butter' is incorrect as it does not match the nutritional profile of raw almonds, which have significantly different fat and protein content.","category":"type_mismatch","status":"rejected"}
{"rawLine":"4  egg","foodName":"Egg (Whole)","ourConfidence":0.76403,"approved":false,"aiConfidence":0.76,"reason":"The mapping to 'Egg (Whole)' is correct, but the nutrition values provided do not match typical values for whole eggs, indicating a nutrition mismatch.","category":"search_scoring_issue","status":"rejected"}
{"rawLine":"0.5 cup almond flour","foodName":"All Purpose Flour","ourConfidence":0.5489285714285714,"approved":false,"aiConfidence":0.9,"reason":"Almond flour and all-purpose flour have significantly different nutritional profiles, particularly in fat and protein content, leading to a nutrition mismatch.","category":"type_mismatch","status":"rejected"}
{"rawLine":"4 oz cream cheese","foodName":"Cream Cheese","ourConfidence":1,"approved":false,"aiConfidence":1,"reason":"The mapping does not account for the specific fat content of the cream cheese, which is crucial for accurate nutrition calculations.","category":"fat_mismatch","status":"rejected"}
{"rawLine":"4  eggs","foodName":"Egg (Whole)","ourConfidence":0.76403,"approved":false,"aiConfidence":0.85,"reason":"The mapping to 'Egg (Whole)' is correct, but the nutrition values provided do not match typical values for whole eggs, indicating a nutrition mismatch.","category":"fat_mismatch","status":"rejected"}
{"rawLine":"2  tbsps salted butter","foodName":"Butter","ourConfidence":0.8500000000000001,"approved":false,"aiConfidence":0.85,"reason":"The mapping to 'Butter' does not account for the salted qualifier, which affects the sodium content, and the search query includes a measurement that should not be present.","category":"search_query_issue","status":"rejected"}
{"rawLine":"1 tsp lemon zest","foodName":"Lemon Peel","ourConfidence":0.8,"approved":false,"aiConfidence":0.8,"reason":"The mapping to 'Lemon Peel' does not accurately reflect the nutritional profile of 'lemon zest', leading to potential nutrition mismatches.","category":"type_mismatch","status":"rejected"}
{"rawLine":"1  packet monk fruit sweetener","foodName":"Monk Fruit","ourConfidence":0.6075,"approved":false,"aiConfidence":0.7,"reason":"The mapping to 'Monk Fruit' (Splenda) is incorrect as it does not accurately represent the specific type of monk fruit sweetener and its nutritional profile.","category":"type_mismatch","status":"rejected"}
{"rawLine":"2  tbsps chia seeds","foodName":"Chia Seeds","ourConfidence":0.543,"approved":false,"aiConfidence":0.54,"reason":"The mapping does not account for the specific preparation state or measurement in the search query, which affects nutritional accuracy.","category":"search_query_issue","status":"rejected"}
{"rawLine":"1 cup unsweetened coconut milk","foodName":"Coconut Milk or Cream (Liquid, Canned)","ourConfidence":0.632857142857143,"approved":false,"aiConfidence":0.7,"reason":"The mapping to 'Coconut Milk or Cream (Liquid, Canned)' does not accurately reflect the nutritional profile of unsweetened coconut milk, which is typically lower in fat and calories than the canned version.","category":"fat_mismatch","status":"rejected"}
{"rawLine":"2  tsps crushed red pepper flakes","foodName":"Crushed Red Pepper Flakes","ourConfidence":0.7130000000000001,"approved":false,"aiConfidence":0.8,"reason":"The search query includes a measurement which affects the accuracy of the mapping.","category":"search_query_issue","status":"rejected"}
{"rawLine":"44 g fancy low-moisture part-skim mozzarella cheese","foodName":"Cheese","ourConfidence":0.9500000000000001,"approved":false,"aiConfidence":0.95,"reason":"The mapping to 'Cheese' is too generic and does not account for the specific type and fat content of 'low-moisture part-skim mozzarella cheese', which affects nutrition calculations.","category":"type_mismatch","status":"rejected"}
{"rawLine":"6 oz chunk chicken breast","foodName":"Chunk Chicken Breast","ourConfidence":1,"approved":false,"aiConfidence":1,"reason":"The mapping does not account for the specific preparation state of the chicken breast, which affects nutritional values.","category":"preparation_mismatch","status":"rejected"}
{"rawLine":"1.5  tbsps onion powder","foodName":"Onions","ourConfidence":0.8500000000000001,"approved":false,"aiConfidence":0.85,"reason":"The mapping to 'Onions' is incorrect as onion powder is a specific ingredient with different nutritional values than raw onions.","category":"type_mismatch","status":"rejected"}
{"rawLine":"0.5 cup reduced fat mozzarella cheese","foodName":"Reduced Fat Mozzarella Cheese","ourConfidence":1,"approved":false,"aiConfidence":1,"reason":"The mapping does not account for the specific fat content of 'reduced fat mozzarella cheese' and the nutrition values do not match expected values for this type of cheese.","category":"fat_mismatch","status":"rejected"}
{"rawLine":"2  eggs","foodName":"Egg (Whole)","ourConfidence":0.76403,"approved":false,"aiConfidence":0.76,"reason":"The mapping to 'Egg (Whole)' is correct in terms of type, but the search query 'egg' is too vague and does not specify the quantity or preparation state, which affects nutritional calculations.","category":"search_query_issue","status":"rejected"}
{"rawLine":"1.5 cup riced veggies cauliflower","foodName":"Cooked Egg","ourConfidence":0.645,"approved":false,"aiConfidence":0.7,"reason":"The mapping is incorrect as 'riced cauliflower' is not equivalent to 'Cooked Egg', leading to a significant nutrition mismatch.","category":"type_mismatch","status":"rejected"}
{"rawLine":"5  packets sweetener","foodName":"Sweetener (Packet)","ourConfidence":0.5775,"approved":false,"aiConfidence":0.7,"reason":"The mapping to 'Sweetener (Packet)' does not accurately reflect the specific type of sweetener used, which may affect nutritional values.","category":"type_mismatch","status":"rejected"}
{"rawLine":"0.5 cup dark chocolate macaroon granola","foodName":"Granola","ourConfidence":0.9,"approved":false,"aiConfidence":0.85,"reason":"The mapping to 'Granola' does not account for the specific type 'dark chocolate macaroon granola', which affects the nutritional profile significantly.","category":"type_mismatch","status":"rejected"}
{"rawLine":"2 oz cream cheese","foodName":"Cream Cheese","ourConfidence":1,"approved":false,"aiConfidence":1,"reason":"The mapping does not account for the measurement in the search query, which affects the accuracy of the nutrition calculations.","category":"search_query_issue","status":"rejected"}
{"rawLine":"3  tbsps vegetable oil spread","foodName":"Sunflower Oil","ourConfidence":0.75,"approved":false,"aiConfidence":0.8,"reason":"The mapping to 'Sunflower Oil' does not account for the specific type of 'vegetable oil spread', which typically has different nutritional values due to its composition.","category":"type_mismatch","status":"rejected"}
{"rawLine":"4  keto peanut butter fat bombs","foodName":"Peanut Butter Fat Bomb","ourConfidence":0.7450000000000001,"approved":false,"aiConfidence":0.8,"reason":"The mapping does not account for the specific preparation state of 'fat bombs', which may affect the nutritional values.","category":"preparation_mismatch","status":"rejected"}
{"rawLine":"0.75 cup almonds","foodName":"Almond Milk","ourConfidence":0.91403,"approved":false,"aiConfidence":0.95,"reason":"The mapping is incorrect because 'almonds' was mapped to 'Almond Milk', which has significantly different nutritional values and is a different ingredient type.","category":"type_mismatch","status":"rejected"}
{"rawLine":"4  egg","foodName":"Egg (Whole)","ourConfidence":0.76403,"approved":false,"aiConfidence":0.76,"reason":"The mapping to 'Egg (Whole)' is correct, but the nutrition values provided do not match typical values for whole eggs, indicating a nutrition mismatch.","category":"fat_mismatch","status":"rejected"}
{"rawLine":"0.5 cup almond flour","status":"error","reason":"Cannot read properties of undefined (reading 'baseScore')"}
{"rawLine":"4 oz cream cheese","foodName":"Cream Cheese","ourConfidence":1,"approved":false,"aiConfidence":1,"reason":"The mapping does not account for the specific fat content of the cream cheese, which is crucial for accurate nutrition calculations.","category":"fat_mismatch","status":"rejected"}
{"rawLine":"4  eggs","foodName":"Egg (Whole)","ourConfidence":0.76403,"approved":false,"aiConfidence":0.76,"reason":"The mapping to 'Egg (Whole)' is correct, but the nutrition values provided do not match typical values for whole eggs, indicating a nutrition mismatch.","category":"search_scoring_issue","status":"rejected"}
{"rawLine":"2  tbsps salted butter","foodName":"Butter (Salted)","ourConfidence":0.7350000000000001,"approved":false,"aiConfidence":0.8,"reason":"The mapping does not account for the measurement in the search query, which affects the accuracy of the nutrition calculations.","category":"search_query_issue","status":"rejected"}
{"rawLine":"1 tsp lemon zest","foodName":"Lemon Zest","ourConfidence":0.9075000000000001,"approved":false,"aiConfidence":0.91,"reason":"The nutrition values for 'Lemon Zest' (Luna) do not match expected values for lemon zest, indicating a nutrition mismatch.","category":"type_mismatch","status":"rejected"}
{"rawLine":"1  packet monk fruit sweetener","foodName":"Monk Fruit Sweetener","ourConfidence":0.525241935483871,"approved":false,"aiConfidence":0.6,"reason":"The mapped nutrition values do not match expected values for monk fruit sweetener, which typically contains calories and carbohydrates.","category":"type_mismatch","status":"rejected"}
{"rawLine":"2  tbsps chia seeds","status":"no_match","reason":"No mapping found"}
{"rawLine":"1 cup unsweetened coconut milk","status":"error","reason":"Cannot read properties of undefined (reading 'baseScore')"}
{"rawLine":"2  tsps crushed red pepper flakes","status":"no_match","reason":"No mapping found"}
{"rawLine":"44 g fancy low-moisture part-skim mozzarella cheese","foodName":"Low Moisture Part-skim Mozzarella Cheese","ourConfidence":0.6373076923076924,"approved":false,"aiConfidence":0.8,"reason":"The mapped nutrition values for 'Low Moisture Part-skim Mozzarella Cheese' are incorrect, as they do not match expected values for this specific type of cheese.","category":"fat_mismatch","status":"rejected"}
{"rawLine":"6 oz chunk chicken breast","foodName":"Chunk Chicken Breast","ourConfidence":1,"approved":false,"aiConfidence":1,"reason":"The mapping does not account for the specific preparation state of the chicken breast, which affects nutritional values.","category":"preparation_mismatch","status":"rejected"}
{"rawLine":"1.5  tbsps onion powder","foodName":"Onion Powder","ourConfidence":0.7350000000000001,"approved":false,"aiConfidence":0.74,"reason":"The mapping is correct in terms of ingredient type, but the nutrition values do not match expected values for onion powder, indicating a nutrition mismatch.","category":"type_mismatch","status":"rejected"}
{"rawLine":"0.5 cup reduced fat mozzarella cheese","foodName":"Reduced Fat Mozzarella Cheese","ourConfidence":1,"approved":false,"aiConfidence":1,"reason":"The mapping does not account for the specific fat content qualifier 'reduced fat', which affects the nutritional values significantly.","category":"fat_mismatch","status":"rejected"}
{"rawLine":"2  eggs","foodName":"Egg (Whole)","ourConfidence":0.76403,"approved":false,"aiConfidence":0.76,"reason":"The mapping does not account for the specific preparation state of the eggs, which affects nutritional values.","category":"search_query_issue","status":"rejected"}
{"rawLine":"1.5 cup riced veggies cauliflower","foodName":"Riced Cauliflower","ourConfidence":0.5930000000000001,"approved":false,"aiConfidence":0.7,"reason":"The mapping does not account for the specific preparation state of 'riced' which affects the nutritional values.","category":"search_query_issue","status":"rejected"}
{"rawLine":"5  packets sweetener","foodName":"Sweetener (Packet)","ourConfidence":0.5775,"approved":false,"aiConfidence":0.7,"reason":"The mapping to 'Sweetener (Packet)' does not accurately reflect the specific type of sweetener used, which may affect nutritional calculations.","category":"type_mismatch","status":"rejected"}
{"rawLine":"0.5 cup dark chocolate macaroon granola","foodName":"Dark Chocolate Macaroon Granola","ourConfidence":0.9330299999999999,"approved":false,"aiConfidence":0.9,"reason":"The mapping does not account for the specific preparation state and potential nutrition differences of the granola type.","category":"search_query_issue","status":"rejected"}
{"rawLine":"2 oz cream cheese","foodName":"Cream Cheese","ourConfidence":1,"approved":false,"aiConfidence":1,"reason":"The mapping does not account for the specific measurement of '2 oz', which affects the nutritional calculations.","category":"search_query_issue","status":"rejected"}
{"rawLine":"3  tbsps vegetable oil spread","foodName":"Vegetable Oil Spread","ourConfidence":0.5814285714285715,"approved":false,"aiConfidence":0.7,"reason":"The mapping does not account for the specific type of vegetable oil spread and its nutritional profile may differ from the generic mapping provided.","category":"type_mismatch","status":"rejected"}
{"rawLine":"4  keto peanut butter fat bombs","status":"no_match","reason":"No mapping found"}
{"rawLine":"0.75 cup almonds","foodName":"Almonds","ourConfidence":0.5275,"approved":false,"aiConfidence":0.7,"reason":"The mapping to 'Almonds' (Kirkland Signature) does not account for the specific measurement of '0.75 cup', which affects the nutritional calculations.","category":"search_query_issue","status":"rejected"}
{"rawLine":"4  egg","foodName":"Egg (Whole)","ourConfidence":0.76403,"approved":false,"aiConfidence":0.8,"reason":"The mapping to 'Egg (Whole)' is correct, but the nutrition values provided do not match typical values for whole eggs, indicating a nutrition mismatch.","category":"fat_mismatch","status":"rejected"}
{"rawLine":"0.5 cup almond flour","status":"no_match","reason":"No mapping found"}
{"rawLine":"4 oz cream cheese","foodName":"Cream Cheese","ourConfidence":1,"approved":false,"aiConfidence":1,"reason":"The mapping does not account for the specific fat content of the cream cheese, which can vary significantly between types.","category":"fat_mismatch","status":"rejected"}
{"rawLine":"4  eggs","foodName":"Egg (Whole)","ourConfidence":0.76403,"approved":false,"aiConfidence":0.76,"reason":"The mapping to 'Egg (Whole)' is correct, but the nutrition values provided do not match the expected values for whole eggs, indicating a nutrition mismatch.","category":"fat_mismatch","status":"rejected"}
{"rawLine":"2  tbsps salted butter","foodName":"Butter (Salted)","ourConfidence":0.7350000000000001,"approved":false,"aiConfidence":0.8,"reason":"The mapping does not account for the measurement in the search query, which affects the accuracy of the nutrition calculations.","category":"search_query_issue","status":"rejected"}
{"rawLine":"1 tsp lemon zest","foodName":"Lemon Zest","ourConfidence":0.9075000000000001,"approved":false,"aiConfidence":0.91,"reason":"The nutrition values for 'Lemon Zest' (Luna) do not match expected values for lemon zest, indicating a nutrition mismatch.","category":"type_mismatch","status":"rejected"}
{"rawLine":"1  packet monk fruit sweetener","foodName":"Monk Fruit Sweetener","ourConfidence":0.525241935483871,"approved":false,"aiConfidence":0.6,"reason":"The mapped nutrition values do not match expected values for monk fruit sweetener, which typically contains calories and carbohydrates.","category":"type_mismatch","status":"rejected"}
{"rawLine":"2  tbsps chia seeds","status":"no_match","reason":"No mapping found"}
{"rawLine":"1 cup unsweetened coconut milk","status":"no_match","reason":"No mapping found"}
{"rawLine":"2  tsps crushed red pepper flakes","status":"no_match","reason":"No mapping found"}
{"rawLine":"44 g fancy low-moisture part-skim mozzarella cheese","foodName":"Low Moisture Part Skim Mozzarella Cheese","ourConfidence":0.6137276923076924,"approved":false,"aiConfidence":0.8,"reason":"The mapped nutrition values for 'Low Moisture Part Skim Mozzarella Cheese' are incorrect, as they do not match expected values for this specific type of cheese.","category":"fat_mismatch","status":"rejected"}
{"rawLine":"6 oz chunk chicken breast","foodName":"Chunk Chicken Breast","ourConfidence":1,"approved":false,"aiConfidence":1,"reason":"The mapping does not account for the specific preparation state of the chicken breast, which affects the nutritional values.","category":"preparation_mismatch","status":"rejected"}
{"rawLine":"1.5  tbsps onion powder","foodName":"Onion Powder","ourConfidence":0.7350000000000001,"approved":false,"aiConfidence":0.74,"reason":"The mapping is incorrect due to the inclusion of a measurement in the search query, which affects the accuracy of the nutrition tracking.","category":"search_query_issue","status":"rejected"}
{"rawLine":"0.5 cup reduced fat mozzarella cheese","foodName":"Reduced Fat Mozzarella Cheese","ourConfidence":1,"approved":false,"aiConfidence":1,"reason":"The mapping does not account for the specific fat content qualifier 'reduced fat', which affects the nutritional values significantly.","category":"fat_mismatch","status":"rejected"}
{"rawLine":"2  eggs","foodName":"Egg (Whole)","ourConfidence":0.76403,"approved":false,"aiConfidence":0.76,"reason":"The mapping does not account for the preparation state of the eggs, which affects the nutritional values.","category":"search_query_issue","status":"rejected"}
{"rawLine":"1.5 cup riced veggies cauliflower","foodName":"Riced Cauliflower","ourConfidence":0.5930000000000001,"approved":false,"aiConfidence":0.7,"reason":"The mapping does not account for the preparation state of the riced cauliflower, which is frozen, and the nutrition values do not match typical values for fresh riced cauliflower.","category":"preparation_mismatch","status":"rejected"}
{"rawLine":"5  packets sweetener","foodName":"Sweetener (Packet)","ourConfidence":0.5775,"approved":false,"aiConfidence":0.7,"reason":"The mapping to 'Sweetener (Packet)' does not accurately reflect the specific type of sweetener used, which may affect nutritional calculations.","category":"type_mismatch","status":"rejected"}
{"rawLine":"0.5 cup dark chocolate macaroon granola","foodName":"Dark Chocolate Macaroon Granola","ourConfidence":0.9330299999999999,"approved":false,"aiConfidence":0.9,"reason":"The mapping does not account for the specific preparation state and potential nutrition differences of the granola type.","category":"search_query_issue","status":"rejected"}
{"rawLine":"2 oz cream cheese","foodName":"Cream Cheese","ourConfidence":1,"approved":false,"aiConfidence":1,"reason":"The search query includes a measurement ('2 oz'), which affects the accuracy of the mapping for nutrition calculations.","category":"search_query_issue","status":"rejected"}
{"rawLine":"3  tbsps vegetable oil spread","foodName":"60% Vegetable Oil Spread","ourConfidence":0.5278571428571428,"approved":false,"aiConfidence":0.6,"reason":"The mapping does not account for the specific fat content of the vegetable oil spread, which is crucial for accurate nutrition tracking.","category":"fat_mismatch","status":"rejected"}
{"rawLine":"4  keto peanut butter fat bombs","status":"no_match","reason":"No mapping found"}
{"rawLine":"0.75 cup almonds","status":"no_match","reason":"No mapping found"}
{"rawLine":"4  egg","foodName":"Egg (Whole)","ourConfidence":0.76403,"approved":false,"aiConfidence":0.76,"reason":"The mapping to 'Egg (Whole)' is correct, but the nutrition values provided do not match typical values for whole eggs, indicating a nutrition mismatch.","category":"search_scoring_issue","status":"rejected"}
{"rawLine":"0.5 cup almond flour","status":"no_match","reason":"No mapping found"}
{"rawLine":"4 oz cream cheese","foodName":"Cream Cheese","ourConfidence":1,"approved":true,"aiConfidence":1,"reason":"The mapping is accurate as 'Cream Cheese' matches the ingredient and its nutritional values are correctly represented.","category":"correct","status":"mapped"}
{"rawLine":"4  eggs","status":"no_match","reason":"No mapping found"}
{"rawLine":"2  tbsps salted butter","status":"no_match","reason":"No mapping found"}
{"rawLine":"1 tsp lemon zest","status":"no_match","reason":"No mapping found"}
{"rawLine":"1  packet monk fruit sweetener","status":"no_match","reason":"No mapping found"}
{"rawLine":"2  tbsps chia seeds","foodName":"Chia Seeds","ourConfidence":0.5223,"approved":true,"aiConfidence":0.648,"reason":"AI rerank validated this candidate. The mapping is incorrect due to the inclusion of a measurement in the search query, which affects the accuracy of the nutrition calculations.","category":"search_query_issue","status":"mapped"}
{"rawLine":"1 cup unsweetened coconut milk","status":"no_match","reason":"No mapping found"}
{"rawLine":"2  tsps crushed red pepper flakes","status":"no_match","reason":"No mapping found"}
{"rawLine":"44 g fancy low-moisture part-skim mozzarella cheese","status":"no_match","reason":"No mapping found"}
{"rawLine":"6 oz chunk chicken breast","foodName":"Chunk Chicken Breast","ourConfidence":1,"approved":true,"aiConfidence":1,"reason":"AI rerank validated this candidate. The mapping does not account for the specific preparation state of the chicken breast, which affects nutritional values.","category":"preparation_mismatch","status":"mapped"}
{"rawLine":"1.5  tbsps onion powder","status":"no_match","reason":"No mapping found"}
{"rawLine":"0.5 cup reduced fat mozzarella cheese","status":"no_match","reason":"No mapping found"}
{"rawLine":"2  eggs","foodName":"Egg (Whole)","ourConfidence":0.76403,"approved":true,"aiConfidence":0.76,"reason":"AI rerank validated this candidate. The mapping does not account for the preparation state of the eggs, which affects the nutritional values.","category":"search_query_issue","status":"mapped"}
{"rawLine":"1.5 cup riced veggies cauliflower","foodName":"Riced Cauliflower","ourConfidence":0.5930000000000001,"approved":true,"aiConfidence":0.7,"reason":"AI rerank validated this candidate. The mapping does not account for the preparation state of the riced cauliflower, which affects the nutrition values.","category":"preparation_mismatch","status":"mapped"}
{"rawLine":"5  packets sweetener","status":"no_match","reason":"No mapping found"}
{"rawLine":"0.5 cup dark chocolate macaroon granola","foodName":"Dark Chocolate Macaroon Granola","ourConfidence":0.9330299999999999,"approved":true,"aiConfidence":0.9,"reason":"AI rerank validated this candidate. The mapping does not account for the specific preparation state or the potential brand influence on nutrition values, leading to a possible nutrition mismatch.","category":"search_query_issue","status":"mapped"}
{"rawLine":"2 oz cream cheese","status":"no_match","reason":"No mapping found"}
{"rawLine":"3  tbsps vegetable oil spread","status":"no_match","reason":"No mapping found"}
{"rawLine":"4  keto peanut butter fat bombs","status":"no_match","reason":"No mapping found"}
{"rawLine":"0.75 cup almonds","foodName":"Almonds","ourConfidence":0.7742500000000001,"approved":true,"aiConfidence":0.85,"reason":"AI rerank validated this candidate. The mapping is correct in terms of ingredient type, but the search query includes a measurement which affects the accuracy of the nutrition calculations.","category":"search_query_issue","status":"mapped"}
{"rawLine":"4  egg","status":"no_match","reason":"No mapping found"}
{"rawLine":"0.5 cup almond flour","status":"no_match","reason":"No mapping found"}
{"rawLine":"0.5 cup almond flour","status":"no_match","reason":"No mapping found"}
{"rawLine":"4  eggs","foodName":"Egg (Whole)","ourConfidence":0.76403,"approved":true,"aiConfidence":0.76,"reason":"AI rerank validated this candidate. The mapping to 'Egg (Whole)' is correct, but the nutrition values provided do not match typical values for whole eggs, indicating a nutrition mismatch.","category":"search_scoring_issue","status":"mapped"}
{"rawLine":"2  tbsps salted butter","status":"no_match","reason":"No mapping found"}
{"rawLine":"1 tsp lemon zest","status":"no_match","reason":"No mapping found"}
{"rawLine":"1  packet monk fruit sweetener","status":"no_match","reason":"No mapping found"}
{"rawLine":"1 cup unsweetened coconut milk","status":"no_match","reason":"No mapping found"}
{"rawLine":"2  tsps crushed red pepper flakes","status":"no_match","reason":"No mapping found"}
{"rawLine":"0.5 cup almond flour","status":"no_match","reason":"No mapping found"}
{"rawLine":"2  tbsps salted butter","status":"no_match","reason":"No mapping found"}
{"rawLine":"1 tsp lemon zest","status":"no_match","reason":"No mapping found"}
{"rawLine":"1  packet monk fruit sweetener","status":"no_match","reason":"No mapping found"}
{"rawLine":"1 cup unsweetened coconut milk","status":"no_match","reason":"No mapping found"}
{"rawLine":"2  tsps crushed red pepper flakes","status":"no_match","reason":"No mapping found"}
{"rawLine":"44 g fancy low-moisture part-skim mozzarella cheese","status":"no_match","reason":"No mapping found"}
{"rawLine":"1.5  tbsps onion powder","status":"no_match","reason":"No mapping found"}
{"rawLine":"0.5 cup reduced fat mozzarella cheese","status":"no_match","reason":"No mapping found"}
{"rawLine":"5  packets sweetener","status":"no_match","reason":"No mapping found"}
{"rawLine":"2 oz cream cheese","status":"no_match","reason":"No mapping found"}
{"rawLine":"3  tbsps vegetable oil spread","status":"no_match","reason":"No mapping found"}
{"rawLine":"4  keto peanut butter fat bombs","status":"no_match","reason":"No mapping found"}
{"rawLine":"4  egg","foodName":"Egg (Whole)","ourConfidence":0.76403,"approved":true,"aiConfidence":0.76,"reason":"AI rerank validated this candidate. The mapping to 'Egg (Whole)' is correct, but the nutrition values provided do not match typical values for whole eggs, indicating a nutrition mismatch.","category":"search_scoring_issue","status":"mapped"}
{"rawLine":"0.5 cup almond flour","status":"no_match","reason":"No mapping found"}
{"rawLine":"1 tsp lemon zest","status":"no_match","reason":"No mapping found"}
{"rawLine":"1  packet monk fruit sweetener","status":"no_match","reason":"No mapping found"}
{"rawLine":"1 cup unsweetened coconut milk","status":"no_match","reason":"No mapping found"}
{"rawLine":"2  tsps crushed red pepper flakes","status":"no_match","reason":"No mapping found"}
{"rawLine":"44 g fancy low-moisture part-skim mozzarella cheese","status":"no_match","reason":"No mapping found"}
{"rawLine":"0.5 cup reduced fat mozzarella cheese","status":"no_match","reason":"No mapping found"}
{"rawLine":"3  tbsps vegetable oil spread","status":"no_match","reason":"No mapping found"}
{"rawLine":"4  keto peanut butter fat bombs","status":"no_match","reason":"No mapping found"}
{"rawLine":"0.5 cup almond flour","foodName":"ALMOND FLOUR","ourConfidence":0.8999999999999999,"approved":false,"aiConfidence":0.95,"reason":"The mapped nutrition values for almond flour do not match expected values, indicating a nutrition mismatch.","category":"type_mismatch","status":"rejected"}
{"rawLine":"1 tsp lemon zest","foodName":"Lemon Zest","ourConfidence":0.9075000000000001,"approved":false,"aiConfidence":0.9,"reason":"The nutrition values for 'Lemon Zest' (Luna) do not match expected values for lemon zest, indicating a nutrition mismatch.","category":"type_mismatch","status":"rejected"}
{"rawLine":"1  packet monk fruit sweetener","foodName":"STEVIA & MONK FRUIT PLANT-BASED SWEETENER PACKETS, STEVIA & MONK FRUIT","ourConfidence":0.72,"approved":false,"aiConfidence":0.8,"reason":"The mapping is inaccurate due to a nutrition mismatch, as the sweetener should have negligible carbs and calories, not the values provided.","category":"fat_mismatch","status":"rejected"}
{"rawLine":"1 cup unsweetened coconut milk","foodName":"UNSWEETENED COCONUT MILK","ourConfidence":0.8999999999999999,"approved":false,"aiConfidence":0.9,"reason":"The mapping does not account for the specific brand and may not reflect the exact nutritional values of generic unsweetened coconut milk, leading to potential nutrition mismatches.","category":"search_scoring_issue","status":"rejected"}
{"rawLine":"2  tsps crushed red pepper flakes","foodName":"CRUSHED RED PEPPER, CRUSHED","ourConfidence":0.6599999999999999,"approved":false,"aiConfidence":0.8,"reason":"The mapping to 'CRUSHED RED PEPPER, CRUSHED' does not accurately reflect the nutritional content of crushed red pepper flakes, which typically contains calories and nutrients, unlike the mapped item which shows 0 kcal.","category":"type_mismatch","status":"rejected"}
{"rawLine":"44 g fancy low-moisture part-skim mozzarella cheese","foodName":"Low Moisture Part Skim Mozzarella Cheese","ourConfidence":0.6137276923076924,"approved":false,"aiConfidence":0.7,"reason":"The mapped nutrition values for 'Low Moisture Part Skim Mozzarella Cheese' are incorrect, as they do not align with typical values for this type of cheese.","category":"fat_mismatch","status":"rejected"}
{"rawLine":"0.5 cup reduced fat mozzarella cheese","foodName":"Reduced Fat Mozzarella Cheese","ourConfidence":1,"approved":false,"aiConfidence":1,"reason":"The mapping does not account for the specific fat content qualifier 'reduced fat', which is crucial for accurate nutrition calculations.","category":"fat_mismatch","status":"rejected"}
{"rawLine":"3  tbsps vegetable oil spread","foodName":"Margarine-like, vegetable oil spread, 20% fat, with salt","ourConfidence":0.8400000000000001,"approved":false,"aiConfidence":0.85,"reason":"The mapping does not accurately reflect the fat content specified in the ingredient, which affects nutritional calculations.","category":"fat_mismatch","status":"rejected"}
{"rawLine":"4  keto peanut butter fat bombs","foodName":"Peanut butter, smooth, reduced fat","ourConfidence":0.78,"approved":false,"aiConfidence":0.8,"reason":"The mapping to 'Peanut butter, smooth, reduced fat' does not accurately reflect the nutritional profile of 'keto peanut butter fat bombs', which likely have higher fat content and lower carbs.","category":"fat_mismatch","status":"rejected"}
{"rawLine":"0.5 cup almond flour","foodName":"ALMOND FLOUR","ourConfidence":0.8999999999999999,"approved":false,"aiConfidence":0.9,"reason":"The mapped nutrition values for 'ALMOND FLOUR' (KRUSTEAZ) do not match the expected values for almond flour, which typically has around 50g fat per 100g.","category":"fat_mismatch","status":"rejected"}
{"rawLine":"1 tsp lemon zest","foodName":"Lemon Zest","ourConfidence":0.9075000000000001,"approved":false,"aiConfidence":0.91,"reason":"The nutrition values for 'Lemon Zest' (Luna) do not match expected values for lemon zest, indicating a nutrition mismatch.","category":"type_mismatch","status":"rejected"}
{"rawLine":"1  packet monk fruit sweetener","foodName":"STEVIA & MONK FRUIT PLANT-BASED SWEETENER PACKETS, STEVIA & MONK FRUIT","ourConfidence":0.72,"approved":false,"aiConfidence":0.8,"reason":"The mapped product contains stevia, which is not specified in the original ingredient, leading to a potential nutrition mismatch.","category":"type_mismatch","status":"rejected"}
{"rawLine":"1 cup unsweetened coconut milk","foodName":"UNSWEETENED COCONUT MILK","ourConfidence":0.8999999999999999,"approved":false,"aiConfidence":0.9,"reason":"The mapped ingredient does not match the nutritional profile of unsweetened coconut milk, as it is a specific brand that may have different nutritional values than generic unsweetened coconut milk.","category":"search_scoring_issue","status":"rejected"}
{"rawLine":"2  tsps crushed red pepper flakes","foodName":"CRUSHED RED PEPPER, CRUSHED","ourConfidence":0.6599999999999999,"approved":false,"aiConfidence":0.8,"reason":"The mapping is incorrect due to a nutrition mismatch, as crushed red pepper flakes should have nutritional values that reflect their actual content, unlike the mapped item which shows 0 kcal.","category":"search_scoring_issue","status":"rejected"}
{"rawLine":"44 g fancy low-moisture part-skim mozzarella cheese","foodName":"Low Moisture Part Skim Mozzarella Cheese","ourConfidence":0.6137276923076924,"approved":false,"aiConfidence":0.8,"reason":"The mapped nutrition values for mozzarella cheese are incorrect, showing excessive protein and fat content compared to standard values for low-moisture part-skim mozzarella.","category":"fat_mismatch","status":"rejected"}
{"rawLine":"0.5 cup reduced fat mozzarella cheese","foodName":"REDUCED FAT MOZZARELLA CHEESE","ourConfidence":0.8999999999999999,"approved":true,"aiConfidence":0.9,"reason":"The mapping is accurate as it correctly identifies the reduced fat mozzarella cheese with appropriate nutrition values.","category":"correct","status":"mapped"}
{"rawLine":"3  tbsps vegetable oil spread","foodName":"Margarine-like, vegetable oil spread, 20% fat, with salt","ourConfidence":0.8400000000000001,"approved":false,"aiConfidence":0.85,"reason":"The mapping does not accurately reflect the fat content specified in the ingredient, as it is a vegetable oil spread with a specific fat percentage that is not matched in the mapping.","category":"fat_mismatch","status":"rejected"}
{"rawLine":"4  keto peanut butter fat bombs","foodName":"Peanut butter, smooth, reduced fat","ourConfidence":0.78,"approved":false,"aiConfidence":0.8,"reason":"The mapping to 'Peanut butter, smooth, reduced fat' does not accurately reflect the fat content of 'keto peanut butter fat bombs', which typically have higher fat content.","category":"fat_mismatch","status":"rejected"}
{"rawLine":"0.5 cup almond flour","foodName":"ALMOND FLOUR","ourConfidence":0.8999999999999999,"approved":false,"aiConfidence":0.9,"reason":"The mapped nutrition values for almond flour are drastically incorrect, particularly the fat content, which should be around 45-55g per 100g, not 355.5g.","category":"fat_mismatch","status":"rejected"}
{"rawLine":"1 tsp lemon zest","foodName":"LEMON ZEST","ourConfidence":0.8999999999999999,"approved":false,"aiConfidence":0.9,"reason":"The nutrition values for lemon zest are drastically incorrect, particularly the fat content, which should be much lower.","category":"fat_mismatch","status":"rejected"}
{"rawLine":"1  packet monk fruit sweetener","foodName":"STEVIA & MONK FRUIT PLANT-BASED SWEETENER PACKETS, STEVIA & MONK FRUIT","ourConfidence":0.72,"approved":true,"aiConfidence":0.9,"reason":"The mapping is acceptable as monk fruit sweeteners typically have negligible calories and the nutritional values align with expectations for low-calorie sweeteners.","category":"correct","status":"mapped"}
{"rawLine":"1 cup unsweetened coconut milk","foodName":"UNSWEETENED COCONUT MILK","ourConfidence":0.8999999999999999,"approved":false,"aiConfidence":0.9,"reason":"The mapped product is a specific brand of unsweetened coconut milk, which may not match the generic nutritional profile expected for unsweetened coconut milk, leading to potential nutrition mismatches.","category":"search_scoring_issue","status":"rejected"}
{"rawLine":"2  tsps crushed red pepper flakes","foodName":"CRUSHED RED PEPPER, CRUSHED","ourConfidence":0.6599999999999999,"approved":false,"aiConfidence":0.8,"reason":"The mapping is incorrect as it does not accurately reflect the specific type of crushed red pepper flakes, which may have different nutritional values than the generic crushed red pepper.","category":"type_mismatch","status":"rejected"}
{"rawLine":"44 g fancy low-moisture part-skim mozzarella cheese","foodName":"Mozzarella Cheese (Nonfat)","ourConfidence":0.8780000000000001,"approved":false,"aiConfidence":0.9,"reason":"The mapping is incorrect due to a significant fat content mismatch; part-skim mozzarella should have around 15-20g of fat per 100g, while the mapped item is nonfat.","category":"fat_mismatch","status":"rejected"}
{"rawLine":"3  tbsps vegetable oil spread","foodName":"Margarine-like, vegetable oil spread, 20% fat, with salt","ourConfidence":0.8400000000000001,"approved":false,"aiConfidence":0.85,"reason":"The mapping does not accurately reflect the fat content of the specified vegetable oil spread, which is crucial for nutrition calculations.","category":"fat_mismatch","status":"rejected"}
{"rawLine":"4  keto peanut butter fat bombs","foodName":"Peanut butter, smooth, reduced fat","ourConfidence":0.78,"approved":false,"aiConfidence":0.8,"reason":"The mapping to 'Peanut butter, smooth, reduced fat' does not accurately reflect the fat content expected for keto peanut butter fat bombs, which typically have higher fat content.","category":"fat_mismatch","status":"rejected"}
{"rawLine":"2  tbsps almond flour blanched","foodName":"BLANCHED ALMOND MEAL FLOUR, BLANCHED ALMOND","ourConfidence":0.72,"approved":false,"aiConfidence":0.8,"reason":"The mapped ingredient has drastically incorrect nutrition values compared to expected almond flour values, particularly in fat content.","category":"type_mismatch","status":"rejected"}
{"rawLine":"1 scoop whey protein","foodName":"Beverages, Protein powder whey based","ourConfidence":0.9400000000000001,"approved":true,"aiConfidence":0.94,"reason":"The mapping accurately reflects the nutritional content of whey protein powder and matches the search query without any discrepancies.","category":"correct","status":"mapped"}
{"rawLine":"3  tbsps 100% liquid","foodName":"Pectin, liquid","ourConfidence":0.6733333333333333,"approved":false,"aiConfidence":0.67,"reason":"The mapping to 'Pectin, liquid' is incorrect as it does not match the expected nutritional profile for a 100% liquid ingredient, and the search query included a measurement which complicates the mapping.","category":"search_query_issue","status":"rejected"}
{"rawLine":"2  tbsps cream cheese","foodName":"Cheese, cream","ourConfidence":0.8066666666666666,"approved":false,"aiConfidence":0.81,"reason":"The mapping to 'Cheese, cream' does not accurately reflect the specific type of cream cheese, which has different nutritional values than generic cream cheese.","category":"type_mismatch","status":"rejected"}
{"rawLine":"1  egg","foodName":"Eggs, Grade A, Large, egg white","ourConfidence":0.9400000000000001,"approved":false,"aiConfidence":0.9,"reason":"The mapping to 'Eggs, Grade A, Large, egg white' is incorrect as it only represents the egg white and not the whole egg, which affects the nutritional values significantly.","category":"type_mismatch","status":"rejected"}
{"rawLine":"1 tsp lemon zest","foodName":"LEMON ZEST","ourConfidence":0.8999999999999999,"approved":false,"aiConfidence":0.95,"reason":"The mapped nutrition values for lemon zest are drastically incorrect, particularly the fat content and calories, which do not align with expected values for lemon zest.","category":"fat_mismatch","status":"rejected"}
{"rawLine":"1 cup unsweetened coconut milk","foodName":"UNSWEETENED COCONUT MILK","ourConfidence":0.8999999999999999,"approved":false,"aiConfidence":0.9,"reason":"The mapped nutrition values for unsweetened coconut milk are significantly higher in fat and calories than expected for this ingredient.","category":"fat_mismatch","status":"rejected"}
{"rawLine":"44 g fancy low-moisture part-skim mozzarella cheese","foodName":"Low Moisture Part Skim Mozzarella Cheese","ourConfidence":0.6137276923076924,"approved":false,"aiConfidence":0.8,"reason":"The mapped fat content of 20g per 100g is at the upper limit of the acceptable range for part-skim mozzarella, but the calorie count is too high at 300 kcal, indicating a nutrition mismatch.","category":"fat_mismatch","status":"rejected"}
{"rawLine":"3  tbsps vegetable oil spread","foodName":"Margarine-like, vegetable oil spread, 20% fat, with salt","ourConfidence":0.8400000000000001,"approved":false,"aiConfidence":0.84,"reason":"The mapped fat content of 19.5g is slightly outside the acceptable range of 15-20g for part-skim mozzarella, indicating a nutrition mismatch.","category":"fat_mismatch","status":"rejected"}
{"rawLine":"4  keto peanut butter fat bombs","foodName":"Peanut butter, smooth, reduced fat","ourConfidence":0.78,"approved":false,"aiConfidence":0.78,"reason":"The mapped ingredient 'Peanut butter, smooth, reduced fat' has a fat content of 34g, which is significantly lower than the expected fat content for regular peanut butter, indicating a nutrition mismatch.","category":"fat_mismatch","status":"rejected"}
{"rawLine":"3  tbsps 100% liquid","foodName":"Pectin, liquid","ourConfidence":0.6733333333333333,"approved":false,"aiConfidence":0.67,"reason":"The mapped ingredient 'Pectin, liquid' does not match the expected nutritional profile for the search query '3 tbsps 100% liquid', which is too vague and does not specify the type of liquid.","category":"search_query_issue","status":"rejected"}
{"rawLine":"2  tbsps cream cheese","foodName":"Cheese, cream","ourConfidence":0.8066666666666666,"approved":false,"aiConfidence":0.81,"reason":"The mapped nutrition values for cream cheese do not match the expected values for this ingredient, particularly the fat content is too high.","category":"fat_mismatch","status":"rejected"}
{"rawLine":"1  egg","foodName":"Eggs, Grade A, Large, egg white","ourConfidence":0.9400000000000001,"approved":false,"aiConfidence":0.94,"reason":"The mapping is incorrect as it does not match the expected nutritional profile for a whole egg, particularly in fat content.","category":"type_mismatch","status":"rejected"}
